2025-01-26 17:20:00 | DEBUG | repo=richrates | action=commit
2025-04-06 08:30:00 | DEBUG | repo=richrates | action=edit | files=1
2025-04-12 18:25:00 | WARN | repo=richrates | action=commit
2025-12-10 16:25:00 | INFO | repo=richrates | action=edit | files=2
2025-04-28 08:25:00 | DEBUG | repo=richrates | action=pull
2025-01-19 15:14:00 | WARN | repo=richrates | action=commit
2025-05-12 11:45:00 | INFO | repo=richrates | action=test | passed=true
2025-01-11 18:34:00 | WARN | repo=richrates | action=commit
2025-07-19 21:49:00 | WARN | repo=richrates | action=commit
2025-07-14 17:22:00 | INFO | repo=richrates | action=commit
2025-04-16 08:46:00 | DEBUG | repo=richrates | action=commit
2025-05-05 21:50:00 | DEBUG | repo=richrates | action=commit
2025-05-16 13:03:00 | DEBUG | repo=richrates | action=pull
2025-07-09 16:42:00 | WARN | repo=richrates | action=test | passed=true
2025-01-10 14:31:00 | DEBUG | repo=richrates | action=commit
2025-08-10 17:36:00 | INFO | repo=richrates | action=test | passed=true
2025-05-18 14:08:00 | INFO | repo=richrates | action=commit
2025-01-24 20:34:00 | DEBUG | repo=richrates | action=commit
2025-04-03 07:10:00 | INFO | repo=richrates | action=commit
2025-07-25 16:50:00 | DEBUG | repo=richrates | action=commit
2025-09-22 08:19:00 | WARN | repo=richrates | action=commit
2025-01-14 20:04:00 | INFO | repo=richrates | action=pull
2025-03-06 07:54:00 | DEBUG | repo=richrates | action=commit
2025-10-04 10:28:00 | WARN | repo=richrates | action=test | passed=true
2025-03-28 21:30:00 | INFO | repo=richrates | action=test | passed=true
2025-08-01 14:00:00 | WARN | repo=richrates | action=edit | files=1
2025-02-07 19:01:00 | WARN | repo=richrates | action=pull
2025-11-19 16:23:00 | INFO | repo=richrates | action=edit | files=5
2025-04-13 09:06:00 | INFO | repo=richrates | action=pull
2025-09-16 12:12:00 | INFO | repo=richrates | action=commit
2025-09-24 11:26:00 | DEBUG | repo=richrates | action=commit
2025-11-04 11:24:00 | DEBUG | repo=richrates | action=commit
2025-10-28 19:34:00 | WARN | repo=richrates | action=commit
2025-01-05 09:41:00 | WARN | repo=richrates | action=commit
2025-04-18 12:31:00 | INFO | repo=richrates | action=commit
2025-07-02 08:37:00 | INFO | repo=richrates | action=edit | files=5
2025-08-18 09:02:00 | DEBUG | repo=richrates | action=commit
2025-04-15 18:28:00 | WARN | repo=richrates | action=commit
2025-08-12 21:01:00 | DEBUG | repo=richrates | action=commit
2025-06-22 18:53:00 | DEBUG | repo=richrates | action=commit
2025-05-15 08:43:00 | DEBUG | repo=richrates | action=commit
2025-04-22 09:24:00 | INFO | repo=richrates | action=commit
2025-09-15 07:45:00 | INFO | repo=richrates | action=edit | files=4
2025-08-15 20:19:00 | INFO | repo=richrates | action=test | passed=true
2025-11-16 20:28:00 | WARN | repo=richrates | action=edit | files=5
2025-01-12 16:39:00 | INFO | repo=richrates | action=commit
2025-04-10 20:41:00 | INFO | repo=richrates | action=commit
2025-07-14 13:34:00 | INFO | repo=richrates | action=edit | files=3
2025-04-21 20:17:00 | INFO | repo=richrates | action=commit
2025-12-20 16:47:00 | WARN | repo=richrates | action=edit | files=3
2025-08-06 21:51:00 | DEBUG | repo=richrates | action=edit | files=4
2025-10-27 19:43:00 | DEBUG | repo=richrates | action=commit
2025-11-07 19:25:00 | INFO | repo=richrates | action=commit
2025-10-25 15:14:00 | INFO | repo=richrates | action=edit | files=1
2025-04-23 09:30:00 | INFO | repo=richrates | action=commit
2025-12-14 19:57:00 | INFO | repo=richrates | action=test | passed=true
2025-11-05 19:28:00 | DEBUG | repo=richrates | action=commit
2025-09-22 11:54:00 | INFO | repo=richrates | action=commit
2025-08-10 12:19:00 | INFO | repo=richrates | action=commit
2025-12-27 13:21:00 | WARN | repo=richrates | action=test | passed=true
2025-12-14 19:21:00 | WARN | repo=richrates | action=commit
2025-07-13 13:16:00 | INFO | repo=richrates | action=commit
2025-02-11 07:31:00 | INFO | repo=richrates | action=pull
2025-01-24 11:56:00 | WARN | repo=richrates | action=commit
2025-07-08 12:32:00 | WARN | repo=richrates | action=edit | files=3
2025-06-25 08:16:00 | WARN | repo=richrates | action=commit
2025-06-03 19:14:00 | INFO | repo=richrates | action=edit | files=2
2025-01-09 12:42:00 | WARN | repo=richrates | action=commit
2025-01-22 20:59:00 | INFO | repo=richrates | action=commit
2025-10-08 17:48:00 | DEBUG | repo=richrates | action=commit
2025-04-07 19:40:00 | INFO | repo=richrates | action=edit | files=4
2025-09-19 14:18:00 | DEBUG | repo=richrates | action=commit
2025-10-05 19:23:00 | INFO | repo=richrates | action=commit
2025-11-08 21:42:00 | INFO | repo=richrates | action=commit
2025-09-21 19:05:00 | INFO | repo=richrates | action=commit
2025-06-23 11:19:00 | DEBUG | repo=richrates | action=commit
2025-11-19 16:05:00 | DEBUG | repo=richrates | action=pull
2025-06-19 14:49:00 | DEBUG | repo=richrates | action=test | passed=true
2025-04-12 19:00:00 | INFO | repo=richrates | action=commit
2025-05-07 11:13:00 | INFO | repo=richrates | action=test | passed=true
2025-09-05 14:52:00 | DEBUG | repo=richrates | action=commit
2025-11-26 15:41:00 | INFO | repo=richrates | action=commit
2025-01-23 16:22:00 | INFO | repo=richrates | action=commit
2025-11-05 14:34:00 | DEBUG | repo=richrates | action=test | passed=true
2025-11-19 07:39:00 | DEBUG | repo=richrates | action=commit
2025-11-03 19:06:00 | INFO | repo=richrates | action=commit
2025-05-21 16:11:00 | INFO | repo=richrates | action=test | passed=true
2025-08-08 11:16:00 | INFO | repo=richrates | action=commit
2025-02-18 15:35:00 | WARN | repo=richrates | action=commit
2025-10-26 21:55:00 | WARN | repo=richrates | action=commit
2025-03-02 15:08:00 | DEBUG | repo=richrates | action=commit
2025-01-08 14:27:00 | DEBUG | repo=richrates | action=commit
2025-01-25 18:38:00 | WARN | repo=richrates | action=commit
2025-05-17 17:30:00 | INFO | repo=richrates | action=edit | files=5
2025-10-06 13:31:00 | INFO | repo=richrates | action=commit
2025-04-12 12:08:00 | WARN | repo=richrates | action=commit
2025-03-21 08:44:00 | DEBUG | repo=richrates | action=commit
2025-11-24 21:56:00 | DEBUG | repo=richrates | action=commit
2025-10-10 18:05:00 | INFO | repo=richrates | action=commit
2025-03-18 21:33:00 | DEBUG | repo=richrates | action=pull
2025-10-23 07:14:00 | WARN | repo=richrates | action=commit
2025-09-14 17:08:00 | DEBUG | repo=richrates | action=pull
2025-02-22 16:58:00 | DEBUG | repo=richrates | action=commit
2025-11-02 19:24:00 | INFO | repo=richrates | action=test | passed=true
2025-10-18 16:48:00 | WARN | repo=richrates | action=commit
2025-10-19 07:38:00 | INFO | repo=richrates | action=commit
2025-11-13 20:21:00 | DEBUG | repo=richrates | action=commit
2025-11-21 18:44:00 | DEBUG | repo=richrates | action=edit | files=1
2025-05-28 18:33:00 | INFO | repo=richrates | action=commit
2025-02-18 08:02:00 | WARN | repo=richrates | action=commit
2025-06-21 16:32:00 | DEBUG | repo=richrates | action=pull
2025-09-16 08:45:00 | WARN | repo=richrates | action=commit
2025-05-26 18:46:00 | INFO | repo=richrates | action=test | passed=true
2025-09-15 19:09:00 | WARN | repo=richrates | action=commit
2025-06-22 08:30:00 | INFO | repo=richrates | action=commit
2025-09-05 07:54:00 | WARN | repo=richrates | action=commit
2025-08-22 11:22:00 | DEBUG | repo=richrates | action=commit
2025-03-19 19:44:00 | INFO | repo=richrates | action=commit
2025-03-21 07:10:00 | WARN | repo=richrates | action=commit
2025-02-02 14:23:00 | WARN | repo=richrates | action=commit
2025-11-05 08:52:00 | WARN | repo=richrates | action=commit
2025-02-22 12:47:00 | WARN | repo=richrates | action=commit
2025-08-24 20:55:00 | INFO | repo=richrates | action=commit
2025-08-02 17:45:00 | INFO | repo=richrates | action=commit
2025-04-18 07:46:00 | INFO | repo=richrates | action=pull
2025-03-10 20:38:00 | INFO | repo=richrates | action=commit
2025-12-10 20:55:00 | WARN | repo=richrates | action=commit
2025-02-06 18:44:00 | DEBUG | repo=richrates | action=pull
2025-06-05 20:20:00 | INFO | repo=richrates | action=pull
2025-12-26 19:04:00 | INFO | repo=richrates | action=commit
2025-06-12 19:30:00 | WARN | repo=richrates | action=test | passed=true
2025-11-02 09:48:00 | INFO | repo=richrates | action=commit
2025-09-11 16:01:00 | INFO | repo=richrates | action=commit
2025-04-11 15:14:00 | INFO | repo=richrates | action=commit
2025-11-02 11:57:00 | WARN | repo=richrates | action=commit
2025-11-28 08:25:00 | WARN | repo=richrates | action=pull
2025-12-19 12:30:00 | INFO | repo=richrates | action=edit | files=4
2025-02-05 15:35:00 | DEBUG | repo=richrates | action=commit
2025-08-24 21:59:00 | DEBUG | repo=richrates | action=commit
2025-07-12 15:57:00 | WARN | repo=richrates | action=commit
2025-01-20 21:26:00 | DEBUG | repo=richrates | action=commit
2025-03-15 07:27:00 | INFO | repo=richrates | action=commit
2025-04-23 07:59:00 | DEBUG | repo=richrates | action=commit
2025-06-02 20:56:00 | DEBUG | repo=richrates | action=commit
2025-05-07 19:12:00 | WARN | repo=richrates | action=commit
2025-02-04 07:13:00 | DEBUG | repo=richrates | action=commit
2025-03-16 15:30:00 | DEBUG | repo=richrates | action=edit | files=3
2025-01-26 10:22:00 | WARN | repo=richrates | action=commit
2025-07-16 19:11:00 | DEBUG | repo=richrates | action=commit
2025-03-22 21:49:00 | DEBUG | repo=richrates | action=commit
